[NX Daemon Server] - 2024-04-16T10:42:21.368Z - Started listening on: /tmp/a441a33704fc2fb5a812/d.sock
[NX Daemon Server] - 2024-04-16T10:42:21.379Z - [WATCHER]: Subscribed to changes within: /home/andreallves/personal-projects/portfolio (native)
[NX Daemon Server] - 2024-04-16T10:42:21.382Z - Established a connection. Number of open connections: 1
[NX Daemon Server] - 2024-04-16T10:42:21.386Z - Established a connection. Number of open connections: 2
[NX Daemon Server] - 2024-04-16T10:42:21.396Z - [REQUEST]: Client Request for Project Graph Received
[NX Daemon Server] - 2024-04-16T10:42:21.409Z - [REQUEST]: Updated workspace context based on watched changes, recomputing project graph...
[NX Daemon Server] - 2024-04-16T10:42:21.410Z - [REQUEST]: 
[NX Daemon Server] - 2024-04-16T10:42:21.411Z - [REQUEST]: 
[NX Daemon Server] - 2024-04-16T10:42:21.797Z - [REQUEST]: Responding to the client. project-graph
[NX Daemon Server] - 2024-04-16T10:42:21.806Z - Time taken for 'total for creating and serializing project graph' 400.59416999999667ms
[NX Daemon Server] - 2024-04-16T10:42:21.807Z - Closed a connection. Number of open connections: 1
[NX Daemon Server] - 2024-04-16T10:42:21.809Z - Done responding to the client project-graph
[NX Daemon Server] - 2024-04-16T10:42:21.809Z - Handled REQUEST_PROJECT_GRAPH. Handling time: 401. Response time: 12.
[NX Daemon Server] - 2024-04-16T10:42:21.838Z - [REQUEST]: Client Request for Project Graph Received
[NX Daemon Server] - 2024-04-16T10:42:21.839Z - [REQUEST]: Responding to the client. project-graph
[NX Daemon Server] - 2024-04-16T10:42:21.844Z - Time taken for 'total for creating and serializing project graph' 0.7543390000064392ms
[NX Daemon Server] - 2024-04-16T10:42:21.847Z - Done responding to the client project-graph
[NX Daemon Server] - 2024-04-16T10:42:21.847Z - Handled REQUEST_PROJECT_GRAPH. Handling time: 1. Response time: 8.
[NX Daemon Server] - 2024-04-16T10:42:21.859Z - Established a connection. Number of open connections: 2
[NX Daemon Server] - 2024-04-16T10:45:33.739Z - [WATCHER]: src/app/core/layouts/trajectory/trajectory.component.ts was modified
[NX Daemon Server] - 2024-04-16T10:45:33.741Z - [REQUEST]: Responding to the client. File watch changed
[NX Daemon Server] - 2024-04-16T10:45:33.743Z - Done responding to the client File watch changed
[NX Daemon Server] - 2024-04-16T10:45:33.744Z - Handled FILE-WATCH-CHANGED. Handling time: 0. Response time: 3.
[NX Daemon Server] - 2024-04-16T10:45:33.744Z - [WATCHER]: Processing file changes in outputs
[NX Daemon Server] - 2024-04-16T10:45:33.745Z - Time taken for 'changed-projects' 0.12400999997043982ms
[NX Daemon Server] - 2024-04-16T10:45:33.841Z - [REQUEST]: Updated workspace context based on watched changes, recomputing project graph...
[NX Daemon Server] - 2024-04-16T10:45:33.842Z - [REQUEST]: src/app/core/layouts/trajectory/trajectory.component.ts
[NX Daemon Server] - 2024-04-16T10:45:33.842Z - [REQUEST]: 
[NX Daemon Server] - 2024-04-16T10:45:33.920Z - Time taken for 'hash changed files from watcher' 0.3356900000362657ms
[NX Daemon Server] - 2024-04-16T10:48:34.529Z - [WATCHER]: src/app/core/layouts/trajectory/trajectory.component.ts was modified
[NX Daemon Server] - 2024-04-16T10:48:34.534Z - [REQUEST]: Responding to the client. File watch changed
[NX Daemon Server] - 2024-04-16T10:48:34.536Z - Done responding to the client File watch changed
[NX Daemon Server] - 2024-04-16T10:48:34.536Z - Handled FILE-WATCH-CHANGED. Handling time: 0. Response time: 2.
[NX Daemon Server] - 2024-04-16T10:48:34.536Z - [WATCHER]: Processing file changes in outputs
[NX Daemon Server] - 2024-04-16T10:48:34.537Z - Time taken for 'changed-projects' 0.2535570000181906ms
[NX Daemon Server] - 2024-04-16T10:48:34.735Z - [REQUEST]: Updated workspace context based on watched changes, recomputing project graph...
[NX Daemon Server] - 2024-04-16T10:48:34.735Z - [REQUEST]: src/app/core/layouts/trajectory/trajectory.component.ts
[NX Daemon Server] - 2024-04-16T10:48:34.736Z - [REQUEST]: 
[NX Daemon Server] - 2024-04-16T10:48:34.817Z - Time taken for 'hash changed files from watcher' 0.95269400003599ms
[NX Daemon Server] - 2024-04-16T10:48:55.831Z - [WATCHER]: Processing file changes in outputs
[NX Daemon Server] - 2024-04-16T10:51:39.622Z - [WATCHER]: Processing file changes in outputs
[NX Daemon Server] - 2024-04-16T10:51:39.729Z - [WATCHER]: src/app/core/layouts/trajectory/trajectory.component.ts was modified
[NX Daemon Server] - 2024-04-16T10:51:39.736Z - [REQUEST]: Responding to the client. File watch changed
[NX Daemon Server] - 2024-04-16T10:51:39.740Z - Done responding to the client File watch changed
[NX Daemon Server] - 2024-04-16T10:51:39.741Z - Handled FILE-WATCH-CHANGED. Handling time: 0. Response time: 5.
[NX Daemon Server] - 2024-04-16T10:51:39.743Z - Time taken for 'changed-projects' 1.6073239999823272ms
[NX Daemon Server] - 2024-04-16T10:51:40.135Z - [REQUEST]: Updated workspace context based on watched changes, recomputing project graph...
[NX Daemon Server] - 2024-04-16T10:51:40.136Z - [REQUEST]: src/app/core/layouts/trajectory/trajectory.component.ts
[NX Daemon Server] - 2024-04-16T10:51:40.136Z - [REQUEST]: 
[NX Daemon Server] - 2024-04-16T10:51:40.405Z - Time taken for 'hash changed files from watcher' 2.8127959999255836ms
[NX Daemon Server] - 2024-04-16T10:51:41.171Z - [WATCHER]: Processing file changes in outputs
[NX Daemon Server] - 2024-04-16T10:53:21.943Z - [WATCHER]: src/app/core/layouts/trajectory/trajectory.component.ts was modified
[NX Daemon Server] - 2024-04-16T10:53:21.948Z - [REQUEST]: Responding to the client. File watch changed
[NX Daemon Server] - 2024-04-16T10:53:21.949Z - Done responding to the client File watch changed
[NX Daemon Server] - 2024-04-16T10:53:21.950Z - Handled FILE-WATCH-CHANGED. Handling time: 1. Response time: 2.
[NX Daemon Server] - 2024-04-16T10:53:21.951Z - [WATCHER]: Processing file changes in outputs
[NX Daemon Server] - 2024-04-16T10:53:21.958Z - Time taken for 'changed-projects' 0.22242000000551343ms
[NX Daemon Server] - 2024-04-16T10:53:22.529Z - [WATCHER]: Processing file changes in outputs
[NX Daemon Server] - 2024-04-16T10:53:22.747Z - [REQUEST]: Updated workspace context based on watched changes, recomputing project graph...
[NX Daemon Server] - 2024-04-16T10:53:22.747Z - [REQUEST]: src/app/core/layouts/trajectory/trajectory.component.ts
[NX Daemon Server] - 2024-04-16T10:53:22.748Z - [REQUEST]: 
[NX Daemon Server] - 2024-04-16T10:53:22.895Z - Time taken for 'hash changed files from watcher' 0.8497509999433532ms
[NX Daemon Server] - 2024-04-16T10:54:18.798Z - [WATCHER]: src/app/core/layouts/trajectory/trajectory.component.ts was modified
[NX Daemon Server] - 2024-04-16T10:54:18.801Z - [REQUEST]: Responding to the client. File watch changed
[NX Daemon Server] - 2024-04-16T10:54:18.802Z - Done responding to the client File watch changed
[NX Daemon Server] - 2024-04-16T10:54:18.802Z - Handled FILE-WATCH-CHANGED. Handling time: 0. Response time: 1.
[NX Daemon Server] - 2024-04-16T10:54:18.803Z - [WATCHER]: Processing file changes in outputs
[NX Daemon Server] - 2024-04-16T10:54:18.804Z - Time taken for 'changed-projects' 0.11506500001996756ms
[NX Daemon Server] - 2024-04-16T10:54:19.471Z - [WATCHER]: Processing file changes in outputs
[NX Daemon Server] - 2024-04-16T10:54:20.401Z - [REQUEST]: Updated workspace context based on watched changes, recomputing project graph...
[NX Daemon Server] - 2024-04-16T10:54:20.401Z - [REQUEST]: src/app/core/layouts/trajectory/trajectory.component.ts
[NX Daemon Server] - 2024-04-16T10:54:20.402Z - [REQUEST]: 
[NX Daemon Server] - 2024-04-16T10:54:20.583Z - Time taken for 'hash changed files from watcher' 0.323420999920927ms
[NX Daemon Server] - 2024-04-16T10:56:10.916Z - [WATCHER]: Processing file changes in outputs
[NX Daemon Server] - 2024-04-16T10:56:10.918Z - [WATCHER]: src/app/core/layouts/trajectory/trajectory.component.ts was modified
[NX Daemon Server] - 2024-04-16T10:56:10.919Z - [REQUEST]: Responding to the client. File watch changed
[NX Daemon Server] - 2024-04-16T10:56:10.920Z - Done responding to the client File watch changed
[NX Daemon Server] - 2024-04-16T10:56:10.920Z - Handled FILE-WATCH-CHANGED. Handling time: 0. Response time: 1.
[NX Daemon Server] - 2024-04-16T10:56:10.920Z - Time taken for 'changed-projects' 0.05039800005033612ms
[NX Daemon Server] - 2024-04-16T10:56:11.420Z - [WATCHER]: Processing file changes in outputs
[NX Daemon Server] - 2024-04-16T10:56:14.124Z - [REQUEST]: Updated workspace context based on watched changes, recomputing project graph...
[NX Daemon Server] - 2024-04-16T10:56:14.124Z - [REQUEST]: src/app/core/layouts/trajectory/trajectory.component.ts
[NX Daemon Server] - 2024-04-16T10:56:14.125Z - [REQUEST]: 
[NX Daemon Server] - 2024-04-16T10:56:14.195Z - Time taken for 'hash changed files from watcher' 0.8302980000153184ms
[NX Daemon Server] - 2024-04-16T10:57:10.087Z - [WATCHER]: Processing file changes in outputs
[NX Daemon Server] - 2024-04-16T10:57:10.091Z - [WATCHER]: src/app/core/layouts/trajectory/trajectory.component.ts was modified
[NX Daemon Server] - 2024-04-16T10:57:10.092Z - [REQUEST]: Responding to the client. File watch changed
[NX Daemon Server] - 2024-04-16T10:57:10.092Z - Done responding to the client File watch changed
[NX Daemon Server] - 2024-04-16T10:57:10.092Z - Handled FILE-WATCH-CHANGED. Handling time: 0. Response time: 0.
[NX Daemon Server] - 2024-04-16T10:57:10.092Z - Time taken for 'changed-projects' 0.15281499992124736ms
[NX Daemon Server] - 2024-04-16T10:57:10.674Z - [WATCHER]: Processing file changes in outputs
[NX Daemon Server] - 2024-04-16T10:57:16.492Z - [REQUEST]: Updated workspace context based on watched changes, recomputing project graph...
[NX Daemon Server] - 2024-04-16T10:57:16.492Z - [REQUEST]: src/app/core/layouts/trajectory/trajectory.component.ts
[NX Daemon Server] - 2024-04-16T10:57:16.493Z - [REQUEST]: 
[NX Daemon Server] - 2024-04-16T10:57:16.565Z - Time taken for 'hash changed files from watcher' 0.32473300001583993ms
[NX Daemon Server] - 2024-04-16T10:57:21.775Z - [WATCHER]: src/app/core/layouts/trajectory/trajectory.component.ts was modified
[NX Daemon Server] - 2024-04-16T10:57:21.776Z - [REQUEST]: Responding to the client. File watch changed
[NX Daemon Server] - 2024-04-16T10:57:21.776Z - Done responding to the client File watch changed
[NX Daemon Server] - 2024-04-16T10:57:21.776Z - Handled FILE-WATCH-CHANGED. Handling time: 0. Response time: 0.
[NX Daemon Server] - 2024-04-16T10:57:21.777Z - [WATCHER]: Processing file changes in outputs
[NX Daemon Server] - 2024-04-16T10:57:21.777Z - Time taken for 'changed-projects' 0.06246299995109439ms
[NX Daemon Server] - 2024-04-16T10:57:22.317Z - [WATCHER]: Processing file changes in outputs
[NX Daemon Server] - 2024-04-16T10:57:28.182Z - [REQUEST]: Updated workspace context based on watched changes, recomputing project graph...
[NX Daemon Server] - 2024-04-16T10:57:28.182Z - [REQUEST]: src/app/core/layouts/trajectory/trajectory.component.ts
[NX Daemon Server] - 2024-04-16T10:57:28.182Z - [REQUEST]: 
[NX Daemon Server] - 2024-04-16T10:57:28.275Z - Time taken for 'hash changed files from watcher' 0.4719909999985248ms
[NX Daemon Server] - 2024-04-16T10:58:34.082Z - [WATCHER]: src/app/core/layouts/trajectory/trajectory.component.scss was modified
[NX Daemon Server] - 2024-04-16T10:58:34.083Z - [REQUEST]: Responding to the client. File watch changed
[NX Daemon Server] - 2024-04-16T10:58:34.083Z - Done responding to the client File watch changed
[NX Daemon Server] - 2024-04-16T10:58:34.084Z - Handled FILE-WATCH-CHANGED. Handling time: 0. Response time: 1.
[NX Daemon Server] - 2024-04-16T10:58:34.084Z - [WATCHER]: Processing file changes in outputs
[NX Daemon Server] - 2024-04-16T10:58:34.084Z - Time taken for 'changed-projects' 0.06833399995230138ms
[NX Daemon Server] - 2024-04-16T10:58:40.489Z - [REQUEST]: Updated workspace context based on watched changes, recomputing project graph...
[NX Daemon Server] - 2024-04-16T10:58:40.489Z - [REQUEST]: src/app/core/layouts/trajectory/trajectory.component.scss
[NX Daemon Server] - 2024-04-16T10:58:40.489Z - [REQUEST]: 
[NX Daemon Server] - 2024-04-16T10:58:40.549Z - Time taken for 'hash changed files from watcher' 0.5472679999656975ms
[NX Daemon Server] - 2024-04-16T10:58:58.817Z - [WATCHER]: Processing file changes in outputs
[NX Daemon Server] - 2024-04-16T10:58:58.818Z - [WATCHER]: src/app/core/layouts/trajectory/trajectory.component.scss was modified
[NX Daemon Server] - 2024-04-16T10:58:58.819Z - [REQUEST]: Responding to the client. File watch changed
[NX Daemon Server] - 2024-04-16T10:58:58.820Z - Done responding to the client File watch changed
[NX Daemon Server] - 2024-04-16T10:58:58.821Z - Handled FILE-WATCH-CHANGED. Handling time: 0. Response time: 2.
[NX Daemon Server] - 2024-04-16T10:58:58.821Z - Time taken for 'changed-projects' 0.0352829999756068ms
[NX Daemon Server] - 2024-04-16T10:59:05.228Z - [REQUEST]: Updated workspace context based on watched changes, recomputing project graph...
[NX Daemon Server] - 2024-04-16T10:59:05.229Z - [REQUEST]: src/app/core/layouts/trajectory/trajectory.component.scss
[NX Daemon Server] - 2024-04-16T10:59:05.229Z - [REQUEST]: 
[NX Daemon Server] - 2024-04-16T10:59:05.295Z - Time taken for 'hash changed files from watcher' 1.135719999903813ms
[NX Daemon Server] - 2024-04-16T11:00:10.725Z - [WATCHER]: src/app/core/layouts/trajectory/trajectory.component.scss was modified
[NX Daemon Server] - 2024-04-16T11:00:10.728Z - [REQUEST]: Responding to the client. File watch changed
[NX Daemon Server] - 2024-04-16T11:00:10.729Z - Done responding to the client File watch changed
[NX Daemon Server] - 2024-04-16T11:00:10.730Z - Handled FILE-WATCH-CHANGED. Handling time: 0. Response time: 2.
[NX Daemon Server] - 2024-04-16T11:00:10.730Z - [WATCHER]: Processing file changes in outputs
[NX Daemon Server] - 2024-04-16T11:00:10.738Z - Time taken for 'changed-projects' 0.18454500008374453ms
[NX Daemon Server] - 2024-04-16T11:00:17.133Z - [REQUEST]: Updated workspace context based on watched changes, recomputing project graph...
[NX Daemon Server] - 2024-04-16T11:00:17.134Z - [REQUEST]: src/app/core/layouts/trajectory/trajectory.component.scss
[NX Daemon Server] - 2024-04-16T11:00:17.134Z - [REQUEST]: 
[NX Daemon Server] - 2024-04-16T11:00:17.204Z - Time taken for 'hash changed files from watcher' 0.9623699998483062ms
[NX Daemon Server] - 2024-04-16T11:00:24.630Z - [WATCHER]: src/app/core/layouts/trajectory/trajectory.component.scss was modified
[NX Daemon Server] - 2024-04-16T11:00:24.630Z - [REQUEST]: Responding to the client. File watch changed
[NX Daemon Server] - 2024-04-16T11:00:24.631Z - Done responding to the client File watch changed
[NX Daemon Server] - 2024-04-16T11:00:24.631Z - Handled FILE-WATCH-CHANGED. Handling time: 0. Response time: 1.
[NX Daemon Server] - 2024-04-16T11:00:24.631Z - [WATCHER]: Processing file changes in outputs
[NX Daemon Server] - 2024-04-16T11:00:24.631Z - Time taken for 'changed-projects' 0.032359000062569976ms
[NX Daemon Server] - 2024-04-16T11:00:31.038Z - [REQUEST]: Updated workspace context based on watched changes, recomputing project graph...
[NX Daemon Server] - 2024-04-16T11:00:31.039Z - [REQUEST]: src/app/core/layouts/trajectory/trajectory.component.scss
[NX Daemon Server] - 2024-04-16T11:00:31.039Z - [REQUEST]: 
[NX Daemon Server] - 2024-04-16T11:00:31.204Z - Time taken for 'hash changed files from watcher' 0.8582260000985116ms
[NX Daemon Server] - 2024-04-16T11:10:38.813Z - [WATCHER]: src/app/core/layouts/trajectory/trajectory.component.ts was modified
[NX Daemon Server] - 2024-04-16T11:10:38.823Z - [REQUEST]: Responding to the client. File watch changed
[NX Daemon Server] - 2024-04-16T11:10:38.825Z - Done responding to the client File watch changed
[NX Daemon Server] - 2024-04-16T11:10:38.825Z - Handled FILE-WATCH-CHANGED. Handling time: 0. Response time: 2.
[NX Daemon Server] - 2024-04-16T11:10:38.825Z - [WATCHER]: Processing file changes in outputs
[NX Daemon Server] - 2024-04-16T11:10:38.827Z - Time taken for 'changed-projects' 1.5030150001402944ms
[NX Daemon Server] - 2024-04-16T11:10:39.977Z - [WATCHER]: Processing file changes in outputs
[NX Daemon Server] - 2024-04-16T11:10:45.231Z - [REQUEST]: Updated workspace context based on watched changes, recomputing project graph...
[NX Daemon Server] - 2024-04-16T11:10:45.233Z - [REQUEST]: src/app/core/layouts/trajectory/trajectory.component.ts
[NX Daemon Server] - 2024-04-16T11:10:45.233Z - [REQUEST]: 
[NX Daemon Server] - 2024-04-16T11:10:45.855Z - Time taken for 'hash changed files from watcher' 6.1722259998787194ms
[NX Daemon Server] - 2024-04-16T11:12:17.844Z - [WATCHER]: src/app/core/layouts/trajectory/trajectory.component.ts was modified
[NX Daemon Server] - 2024-04-16T11:12:17.853Z - [REQUEST]: Responding to the client. File watch changed
[NX Daemon Server] - 2024-04-16T11:12:17.857Z - Done responding to the client File watch changed
[NX Daemon Server] - 2024-04-16T11:12:17.857Z - Handled FILE-WATCH-CHANGED. Handling time: 0. Response time: 4.
[NX Daemon Server] - 2024-04-16T11:12:17.858Z - [WATCHER]: Processing file changes in outputs
[NX Daemon Server] - 2024-04-16T11:12:17.860Z - Time taken for 'changed-projects' 0.2742650001309812ms
[NX Daemon Server] - 2024-04-16T11:12:19.931Z - [WATCHER]: Processing file changes in outputs
[NX Daemon Server] - 2024-04-16T11:12:24.252Z - [REQUEST]: Updated workspace context based on watched changes, recomputing project graph...
[NX Daemon Server] - 2024-04-16T11:12:24.253Z - [REQUEST]: src/app/core/layouts/trajectory/trajectory.component.ts
[NX Daemon Server] - 2024-04-16T11:12:24.253Z - [REQUEST]: 
[NX Daemon Server] - 2024-04-16T11:12:24.395Z - Time taken for 'hash changed files from watcher' 0.8192719998769462ms
[NX Daemon Server] - 2024-04-16T11:12:42.100Z - [WATCHER]: Processing file changes in outputs
[NX Daemon Server] - 2024-04-16T11:12:42.111Z - [WATCHER]: src/app/core/layouts/trajectory/trajectory.component.ts was modified
[NX Daemon Server] - 2024-04-16T11:12:42.112Z - [REQUEST]: Responding to the client. File watch changed
[NX Daemon Server] - 2024-04-16T11:12:42.114Z - Done responding to the client File watch changed
[NX Daemon Server] - 2024-04-16T11:12:42.115Z - Handled FILE-WATCH-CHANGED. Handling time: 0. Response time: 3.
[NX Daemon Server] - 2024-04-16T11:12:42.115Z - Time taken for 'changed-projects' 0.1908790001180023ms
[NX Daemon Server] - 2024-04-16T11:12:43.300Z - [WATCHER]: Processing file changes in outputs
[NX Daemon Server] - 2024-04-16T11:12:48.517Z - [REQUEST]: Updated workspace context based on watched changes, recomputing project graph...
[NX Daemon Server] - 2024-04-16T11:12:48.518Z - [REQUEST]: src/app/core/layouts/trajectory/trajectory.component.ts
[NX Daemon Server] - 2024-04-16T11:12:48.519Z - [REQUEST]: 
[NX Daemon Server] - 2024-04-16T11:12:48.596Z - Time taken for 'hash changed files from watcher' 0.5330689998809248ms
[NX Daemon Server] - 2024-04-16T11:15:50.115Z - [WATCHER]: Processing file changes in outputs
[NX Daemon Server] - 2024-04-16T11:15:50.123Z - [WATCHER]: src/app/core/layouts/trajectory/trajectory.component.ts was modified
[NX Daemon Server] - 2024-04-16T11:15:50.127Z - [REQUEST]: Responding to the client. File watch changed
[NX Daemon Server] - 2024-04-16T11:15:50.129Z - Done responding to the client File watch changed
[NX Daemon Server] - 2024-04-16T11:15:50.130Z - Handled FILE-WATCH-CHANGED. Handling time: 1. Response time: 3.
[NX Daemon Server] - 2024-04-16T11:15:50.130Z - Time taken for 'changed-projects' 0.8933230000548065ms
[NX Daemon Server] - 2024-04-16T11:15:50.665Z - [WATCHER]: Processing file changes in outputs
[NX Daemon Server] - 2024-04-16T11:15:56.532Z - [REQUEST]: Updated workspace context based on watched changes, recomputing project graph...
[NX Daemon Server] - 2024-04-16T11:15:56.533Z - [REQUEST]: src/app/core/layouts/trajectory/trajectory.component.ts
[NX Daemon Server] - 2024-04-16T11:15:56.533Z - [REQUEST]: 
[NX Daemon Server] - 2024-04-16T11:15:56.674Z - Time taken for 'hash changed files from watcher' 1.0621569999493659ms
[NX Daemon Server] - 2024-04-16T11:17:29.475Z - [WATCHER]: src/app/core/layouts/trajectory/trajectory.component.ts was modified
[NX Daemon Server] - 2024-04-16T11:17:29.483Z - [REQUEST]: Responding to the client. File watch changed
[NX Daemon Server] - 2024-04-16T11:17:29.485Z - Done responding to the client File watch changed
[NX Daemon Server] - 2024-04-16T11:17:29.485Z - Handled FILE-WATCH-CHANGED. Handling time: 1. Response time: 2.
[NX Daemon Server] - 2024-04-16T11:17:29.487Z - [WATCHER]: Processing file changes in outputs
[NX Daemon Server] - 2024-04-16T11:17:29.488Z - Time taken for 'changed-projects' 0.10972299985587597ms
[NX Daemon Server] - 2024-04-16T11:17:30.352Z - [WATCHER]: Processing file changes in outputs
[NX Daemon Server] - 2024-04-16T11:17:35.883Z - [REQUEST]: Updated workspace context based on watched changes, recomputing project graph...
[NX Daemon Server] - 2024-04-16T11:17:35.883Z - [REQUEST]: src/app/core/layouts/trajectory/trajectory.component.ts
[NX Daemon Server] - 2024-04-16T11:17:35.883Z - [REQUEST]: 
[NX Daemon Server] - 2024-04-16T11:17:35.981Z - Time taken for 'hash changed files from watcher' 0.49380600033327937ms
[NX Daemon Server] - 2024-04-16T11:17:50.751Z - [WATCHER]: src/app/core/layouts/trajectory/trajectory.component.ts was modified
[NX Daemon Server] - 2024-04-16T11:17:50.755Z - [REQUEST]: Responding to the client. File watch changed
[NX Daemon Server] - 2024-04-16T11:17:50.755Z - Done responding to the client File watch changed
[NX Daemon Server] - 2024-04-16T11:17:50.756Z - Handled FILE-WATCH-CHANGED. Handling time: 0. Response time: 2.
[NX Daemon Server] - 2024-04-16T11:17:50.756Z - [WATCHER]: Processing file changes in outputs
[NX Daemon Server] - 2024-04-16T11:17:50.757Z - Time taken for 'changed-projects' 0.6617700001224875ms
[NX Daemon Server] - 2024-04-16T11:17:51.520Z - [WATCHER]: Processing file changes in outputs
[NX Daemon Server] - 2024-04-16T11:17:57.154Z - [REQUEST]: Updated workspace context based on watched changes, recomputing project graph...
[NX Daemon Server] - 2024-04-16T11:17:57.155Z - [REQUEST]: src/app/core/layouts/trajectory/trajectory.component.ts
[NX Daemon Server] - 2024-04-16T11:17:57.155Z - [REQUEST]: 
[NX Daemon Server] - 2024-04-16T11:17:57.294Z - Time taken for 'hash changed files from watcher' 0.5473910002037883ms
[NX Daemon Server] - 2024-04-16T11:18:44.391Z - [WATCHER]: src/app/core/layouts/trajectory/trajectory.component.ts was modified
[NX Daemon Server] - 2024-04-16T11:18:44.393Z - [REQUEST]: Responding to the client. File watch changed
[NX Daemon Server] - 2024-04-16T11:18:44.393Z - Done responding to the client File watch changed
[NX Daemon Server] - 2024-04-16T11:18:44.394Z - Handled FILE-WATCH-CHANGED. Handling time: 0. Response time: 2.
[NX Daemon Server] - 2024-04-16T11:18:44.394Z - [WATCHER]: Processing file changes in outputs
[NX Daemon Server] - 2024-04-16T11:18:44.395Z - Time taken for 'changed-projects' 0.14839500002563ms
[NX Daemon Server] - 2024-04-16T11:18:44.882Z - [WATCHER]: Processing file changes in outputs
[NX Daemon Server] - 2024-04-16T11:18:50.800Z - [REQUEST]: Updated workspace context based on watched changes, recomputing project graph...
[NX Daemon Server] - 2024-04-16T11:18:50.800Z - [REQUEST]: src/app/core/layouts/trajectory/trajectory.component.ts
[NX Daemon Server] - 2024-04-16T11:18:50.801Z - [REQUEST]: 
[NX Daemon Server] - 2024-04-16T11:18:50.915Z - Time taken for 'hash changed files from watcher' 0.5616009999066591ms
[NX Daemon Server] - 2024-04-16T11:19:16.576Z - [WATCHER]: src/app/core/layouts/trajectory/trajectory.component.ts was modified
[NX Daemon Server] - 2024-04-16T11:19:16.577Z - [REQUEST]: Responding to the client. File watch changed
[NX Daemon Server] - 2024-04-16T11:19:16.578Z - Done responding to the client File watch changed
[NX Daemon Server] - 2024-04-16T11:19:16.579Z - Handled FILE-WATCH-CHANGED. Handling time: 1. Response time: 2.
[NX Daemon Server] - 2024-04-16T11:19:16.581Z - [WATCHER]: Processing file changes in outputs
[NX Daemon Server] - 2024-04-16T11:19:16.582Z - Time taken for 'changed-projects' 0.07761400006711483ms
[NX Daemon Server] - 2024-04-16T11:19:17.029Z - [WATCHER]: Processing file changes in outputs
[NX Daemon Server] - 2024-04-16T11:19:22.983Z - [REQUEST]: Updated workspace context based on watched changes, recomputing project graph...
[NX Daemon Server] - 2024-04-16T11:19:22.983Z - [REQUEST]: src/app/core/layouts/trajectory/trajectory.component.ts
[NX Daemon Server] - 2024-04-16T11:19:22.984Z - [REQUEST]: 
[NX Daemon Server] - 2024-04-16T11:19:23.045Z - Time taken for 'hash changed files from watcher' 0.618389000184834ms
[NX Daemon Server] - 2024-04-16T11:20:06.387Z - [WATCHER]: src/app/core/layouts/trajectory/trajectory.component.ts was modified
[NX Daemon Server] - 2024-04-16T11:20:06.388Z - [REQUEST]: Responding to the client. File watch changed
[NX Daemon Server] - 2024-04-16T11:20:06.388Z - Done responding to the client File watch changed
[NX Daemon Server] - 2024-04-16T11:20:06.389Z - Handled FILE-WATCH-CHANGED. Handling time: 0. Response time: 1.
[NX Daemon Server] - 2024-04-16T11:20:06.389Z - [WATCHER]: Processing file changes in outputs
[NX Daemon Server] - 2024-04-16T11:20:06.389Z - Time taken for 'changed-projects' 0.055782000068575144ms
[NX Daemon Server] - 2024-04-16T11:20:06.812Z - [WATCHER]: Processing file changes in outputs
[NX Daemon Server] - 2024-04-16T11:20:12.794Z - [REQUEST]: Updated workspace context based on watched changes, recomputing project graph...
[NX Daemon Server] - 2024-04-16T11:20:12.794Z - [REQUEST]: src/app/core/layouts/trajectory/trajectory.component.ts
[NX Daemon Server] - 2024-04-16T11:20:12.795Z - [REQUEST]: 
[NX Daemon Server] - 2024-04-16T11:20:12.840Z - Time taken for 'hash changed files from watcher' 0.4202019996009767ms
[NX Daemon Server] - 2024-04-16T11:21:49.605Z - [WATCHER]: src/app/core/layouts/trajectory/trajectory.component.ts was modified
[NX Daemon Server] - 2024-04-16T11:21:49.609Z - [REQUEST]: Responding to the client. File watch changed
[NX Daemon Server] - 2024-04-16T11:21:49.611Z - Done responding to the client File watch changed
[NX Daemon Server] - 2024-04-16T11:21:49.611Z - Handled FILE-WATCH-CHANGED. Handling time: 0. Response time: 2.
[NX Daemon Server] - 2024-04-16T11:21:49.611Z - [WATCHER]: Processing file changes in outputs
[NX Daemon Server] - 2024-04-16T11:21:49.612Z - Time taken for 'changed-projects' 0.15055999998003244ms
[NX Daemon Server] - 2024-04-16T11:21:50.414Z - [WATCHER]: Processing file changes in outputs
[NX Daemon Server] - 2024-04-16T11:21:56.012Z - [REQUEST]: Updated workspace context based on watched changes, recomputing project graph...
[NX Daemon Server] - 2024-04-16T11:21:56.013Z - [REQUEST]: src/app/core/layouts/trajectory/trajectory.component.ts
[NX Daemon Server] - 2024-04-16T11:21:56.013Z - [REQUEST]: 
[NX Daemon Server] - 2024-04-16T11:21:56.071Z - Time taken for 'hash changed files from watcher' 0.4169890000484884ms
[NX Daemon Server] - 2024-04-16T11:24:41.379Z - [WATCHER]: Processing file changes in outputs
[NX Daemon Server] - 2024-04-16T11:24:41.382Z - [WATCHER]: src/app/core/data/trajectory.ts was created or restored
[NX Daemon Server] - 2024-04-16T11:24:41.484Z - [REQUEST]: Updated workspace context based on watched changes, recomputing project graph...
[NX Daemon Server] - 2024-04-16T11:24:41.485Z - [REQUEST]: src/app/core/data/trajectory.ts
[NX Daemon Server] - 2024-04-16T11:24:41.485Z - [REQUEST]: 
[NX Daemon Server] - 2024-04-16T11:24:41.598Z - [REQUEST]: Responding to the client. File watch changed
[NX Daemon Server] - 2024-04-16T11:24:41.599Z - Done responding to the client File watch changed
[NX Daemon Server] - 2024-04-16T11:24:41.599Z - Handled FILE-WATCH-CHANGED. Handling time: 0. Response time: 1.
[NX Daemon Server] - 2024-04-16T11:24:41.600Z - Time taken for 'hash changed files from watcher' 0.668074999935925ms
[NX Daemon Server] - 2024-04-16T11:25:25.474Z - [WATCHER]: src/app/core/data/trajectory.ts was modified
[NX Daemon Server] - 2024-04-16T11:25:25.475Z - [REQUEST]: Responding to the client. File watch changed
[NX Daemon Server] - 2024-04-16T11:25:25.475Z - Done responding to the client File watch changed
[NX Daemon Server] - 2024-04-16T11:25:25.476Z - Handled FILE-WATCH-CHANGED. Handling time: 0. Response time: 2.
[NX Daemon Server] - 2024-04-16T11:25:25.477Z - [WATCHER]: Processing file changes in outputs
[NX Daemon Server] - 2024-04-16T11:25:25.478Z - Time taken for 'changed-projects' 0.0880040000192821ms
[NX Daemon Server] - 2024-04-16T11:25:25.676Z - [REQUEST]: Updated workspace context based on watched changes, recomputing project graph...
[NX Daemon Server] - 2024-04-16T11:25:25.677Z - [REQUEST]: src/app/core/data/trajectory.ts
[NX Daemon Server] - 2024-04-16T11:25:25.677Z - [REQUEST]: 
[NX Daemon Server] - 2024-04-16T11:25:25.838Z - Time taken for 'hash changed files from watcher' 1.219721999950707ms
[NX Daemon Server] - 2024-04-16T11:25:52.579Z - [WATCHER]: src/app/core/layouts/trajectory/trajectory.component.ts was modified
[NX Daemon Server] - 2024-04-16T11:25:52.580Z - [REQUEST]: Responding to the client. File watch changed
[NX Daemon Server] - 2024-04-16T11:25:52.580Z - Done responding to the client File watch changed
[NX Daemon Server] - 2024-04-16T11:25:52.580Z - Handled FILE-WATCH-CHANGED. Handling time: 0. Response time: 0.
[NX Daemon Server] - 2024-04-16T11:25:52.580Z - [WATCHER]: Processing file changes in outputs
[NX Daemon Server] - 2024-04-16T11:25:52.581Z - Time taken for 'changed-projects' 0.039853000082075596ms
[NX Daemon Server] - 2024-04-16T11:25:52.980Z - [REQUEST]: Updated workspace context based on watched changes, recomputing project graph...
[NX Daemon Server] - 2024-04-16T11:25:52.981Z - [REQUEST]: src/app/core/layouts/trajectory/trajectory.component.ts
[NX Daemon Server] - 2024-04-16T11:25:52.981Z - [REQUEST]: 
[NX Daemon Server] - 2024-04-16T11:25:53.138Z - Time taken for 'hash changed files from watcher' 0.47695899987593293ms
[NX Daemon Server] - 2024-04-16T11:25:53.386Z - [WATCHER]: Processing file changes in outputs
[NX Daemon Server] - 2024-04-16T11:26:06.116Z - [WATCHER]: src/app/core/data/trajectory.ts was modified
[NX Daemon Server] - 2024-04-16T11:26:06.117Z - [REQUEST]: Responding to the client. File watch changed
[NX Daemon Server] - 2024-04-16T11:26:06.117Z - Done responding to the client File watch changed
[NX Daemon Server] - 2024-04-16T11:26:06.118Z - Handled FILE-WATCH-CHANGED. Handling time: 0. Response time: 1.
[NX Daemon Server] - 2024-04-16T11:26:06.118Z - [WATCHER]: Processing file changes in outputs
[NX Daemon Server] - 2024-04-16T11:26:06.118Z - Time taken for 'changed-projects' 0.06666600005701184ms
[NX Daemon Server] - 2024-04-16T11:26:06.590Z - [WATCHER]: Processing file changes in outputs
[NX Daemon Server] - 2024-04-16T11:26:06.919Z - [REQUEST]: Updated workspace context based on watched changes, recomputing project graph...
[NX Daemon Server] - 2024-04-16T11:26:06.919Z - [REQUEST]: src/app/core/data/trajectory.ts
[NX Daemon Server] - 2024-04-16T11:26:06.920Z - [REQUEST]: 
[NX Daemon Server] - 2024-04-16T11:26:07.011Z - Time taken for 'hash changed files from watcher' 0.5089459996670485ms
[NX Daemon Server] - 2024-04-16T11:26:39.210Z - [WATCHER]: src/app/core/layouts/trajectory/trajectory.component.ts was modified
[NX Daemon Server] - 2024-04-16T11:26:39.211Z - [REQUEST]: Responding to the client. File watch changed
[NX Daemon Server] - 2024-04-16T11:26:39.212Z - Done responding to the client File watch changed
[NX Daemon Server] - 2024-04-16T11:26:39.213Z - Handled FILE-WATCH-CHANGED. Handling time: 0. Response time: 2.
[NX Daemon Server] - 2024-04-16T11:26:39.213Z - [WATCHER]: Processing file changes in outputs
[NX Daemon Server] - 2024-04-16T11:26:39.214Z - Time taken for 'changed-projects' 0.06065100012347102ms
[NX Daemon Server] - 2024-04-16T11:26:39.858Z - [WATCHER]: Processing file changes in outputs
[NX Daemon Server] - 2024-04-16T11:26:40.813Z - [REQUEST]: Updated workspace context based on watched changes, recomputing project graph...
[NX Daemon Server] - 2024-04-16T11:26:40.813Z - [REQUEST]: src/app/core/layouts/trajectory/trajectory.component.ts
[NX Daemon Server] - 2024-04-16T11:26:40.814Z - [REQUEST]: 
[NX Daemon Server] - 2024-04-16T11:26:40.968Z - Time taken for 'hash changed files from watcher' 0.35508299991488457ms
[NX Daemon Server] - 2024-04-16T11:30:58.414Z - [WATCHER]: src/app/core/layouts/contact/contact.component.html was modified
[NX Daemon Server] - 2024-04-16T11:30:58.414Z - [REQUEST]: Responding to the client. File watch changed
[NX Daemon Server] - 2024-04-16T11:30:58.415Z - Done responding to the client File watch changed
[NX Daemon Server] - 2024-04-16T11:30:58.415Z - Handled FILE-WATCH-CHANGED. Handling time: 0. Response time: 1.
[NX Daemon Server] - 2024-04-16T11:30:58.416Z - [WATCHER]: Processing file changes in outputs
[NX Daemon Server] - 2024-04-16T11:30:58.416Z - Time taken for 'changed-projects' 0.07276500016450882ms
[NX Daemon Server] - 2024-04-16T11:31:01.618Z - [REQUEST]: Updated workspace context based on watched changes, recomputing project graph...
[NX Daemon Server] - 2024-04-16T11:31:01.619Z - [REQUEST]: src/app/core/layouts/contact/contact.component.html
[NX Daemon Server] - 2024-04-16T11:31:01.619Z - [REQUEST]: 
[NX Daemon Server] - 2024-04-16T11:31:01.669Z - Time taken for 'hash changed files from watcher' 0.36450000014156103ms
[NX Daemon Server] - 2024-04-16T11:33:23.039Z - [WATCHER]: src/app/core/layouts/contact/contact.component.html was modified
[NX Daemon Server] - 2024-04-16T11:33:23.048Z - [REQUEST]: Responding to the client. File watch changed
[NX Daemon Server] - 2024-04-16T11:33:23.050Z - Done responding to the client File watch changed
[NX Daemon Server] - 2024-04-16T11:33:23.052Z - Handled FILE-WATCH-CHANGED. Handling time: 0. Response time: 3.
[NX Daemon Server] - 2024-04-16T11:33:23.053Z - [WATCHER]: Processing file changes in outputs
[NX Daemon Server] - 2024-04-16T11:33:23.054Z - Time taken for 'changed-projects' 0.7891080002300441ms
[NX Daemon Server] - 2024-04-16T11:33:23.985Z - [WATCHER]: Processing file changes in outputs
[NX Daemon Server] - 2024-04-16T11:33:23.988Z - [WATCHER]: src/app/core/layouts/contact/contact.component.html was modified
[NX Daemon Server] - 2024-04-16T11:33:23.988Z - [REQUEST]: Responding to the client. File watch changed
[NX Daemon Server] - 2024-04-16T11:33:23.989Z - Done responding to the client File watch changed
[NX Daemon Server] - 2024-04-16T11:33:23.989Z - Handled FILE-WATCH-CHANGED. Handling time: 0. Response time: 1.
[NX Daemon Server] - 2024-04-16T11:33:23.990Z - Time taken for 'changed-projects' 0.09221600042656064ms
[NX Daemon Server] - 2024-04-16T11:33:24.103Z - [WATCHER]: Processing file changes in outputs
[NX Daemon Server] - 2024-04-16T11:33:26.063Z - [WATCHER]: Processing file changes in outputs
[NX Daemon Server] - 2024-04-16T11:33:29.476Z - [REQUEST]: Updated workspace context based on watched changes, recomputing project graph...
[NX Daemon Server] - 2024-04-16T11:33:29.479Z - [REQUEST]: src/app/core/layouts/contact/contact.component.html
[NX Daemon Server] - 2024-04-16T11:33:29.480Z - [REQUEST]: 
[NX Daemon Server] - 2024-04-16T11:33:29.850Z - Time taken for 'hash changed files from watcher' 17.663015000056475ms
[NX Daemon Server] - 2024-04-16T11:33:47.718Z - [WATCHER]: src/app/core/layouts/contact/contact.component.html was modified
[NX Daemon Server] - 2024-04-16T11:33:47.719Z - [REQUEST]: Responding to the client. File watch changed
[NX Daemon Server] - 2024-04-16T11:33:47.720Z - Done responding to the client File watch changed
[NX Daemon Server] - 2024-04-16T11:33:47.720Z - Handled FILE-WATCH-CHANGED. Handling time: 0. Response time: 1.
[NX Daemon Server] - 2024-04-16T11:33:47.720Z - [WATCHER]: Processing file changes in outputs
[NX Daemon Server] - 2024-04-16T11:33:47.721Z - Time taken for 'changed-projects' 0.03658499987795949ms
[NX Daemon Server] - 2024-04-16T11:33:48.129Z - [WATCHER]: Processing file changes in outputs
[NX Daemon Server] - 2024-04-16T11:33:54.126Z - [REQUEST]: Updated workspace context based on watched changes, recomputing project graph...
[NX Daemon Server] - 2024-04-16T11:33:54.126Z - [REQUEST]: src/app/core/layouts/contact/contact.component.html
[NX Daemon Server] - 2024-04-16T11:33:54.126Z - [REQUEST]: 
[NX Daemon Server] - 2024-04-16T11:33:54.201Z - Time taken for 'hash changed files from watcher' 0.3599690003320575ms
[NX Daemon Server] - 2024-04-16T11:37:17.408Z - [WATCHER]: 0 file(s) created or restored, 0 file(s) modified, 5 file(s) deleted
[NX Daemon Server] - 2024-04-16T11:37:17.423Z - [REQUEST]: Responding to the client. File watch changed
[NX Daemon Server] - 2024-04-16T11:37:17.425Z - Done responding to the client File watch changed
[NX Daemon Server] - 2024-04-16T11:37:17.425Z - Handled FILE-WATCH-CHANGED. Handling time: 0. Response time: 2.
[NX Daemon Server] - 2024-04-16T11:37:17.425Z - [WATCHER]: Processing file changes in outputs
[NX Daemon Server] - 2024-04-16T11:37:17.427Z - Time taken for 'changed-projects' 4.075308999978006ms
[NX Daemon Server] - 2024-04-16T11:37:23.823Z - [REQUEST]: Updated workspace context based on watched changes, recomputing project graph...
[NX Daemon Server] - 2024-04-16T11:37:23.823Z - [REQUEST]: 
[NX Daemon Server] - 2024-04-16T11:37:23.823Z - [REQUEST]: src/app/shared/component/back-to-top/back-to-top.component.scss,src/app/shared/component/back-to-top/back-to-top.component.spec.ts,src/app/shared/component,src/app/shared/component/back-to-top/back-to-top.component.html,src/app/shared/component/back-to-top/back-to-top.component.ts
[NX Daemon Server] - 2024-04-16T11:37:23.987Z - Time taken for 'hash changed files from watcher' 2.022992000449449ms
[NX Daemon Server] - 2024-04-16T11:37:24.193Z - [WATCHER]: Processing file changes in outputs
[NX Daemon Server] - 2024-04-16T11:37:24.194Z - [WATCHER]: 3 file(s) created or restored, 0 file(s) modified, 0 file(s) deleted
[NX Daemon Server] - 2024-04-16T11:37:24.296Z - [REQUEST]: Updated workspace context based on watched changes, recomputing project graph...
[NX Daemon Server] - 2024-04-16T11:37:24.296Z - [REQUEST]: src/app/shared/components/back-to-top/back-to-top.component.html,src/app/shared/components/back-to-top/back-to-top.component.ts,src/app/shared/components/back-to-top/back-to-top.component.spec.ts
[NX Daemon Server] - 2024-04-16T11:37:24.296Z - [REQUEST]: 
[NX Daemon Server] - 2024-04-16T11:37:24.344Z - [REQUEST]: Responding to the client. File watch changed
[NX Daemon Server] - 2024-04-16T11:37:24.344Z - Done responding to the client File watch changed
[NX Daemon Server] - 2024-04-16T11:37:24.345Z - Handled FILE-WATCH-CHANGED. Handling time: 0. Response time: 1.
[NX Daemon Server] - 2024-04-16T11:37:24.345Z - Time taken for 'hash changed files from watcher' 1.5617010002024472ms
[NX Daemon Server] - 2024-04-16T11:37:30.718Z - [WATCHER]: src/app/shared/components/back-to-top/back-to-top.component.html was modified
[NX Daemon Server] - 2024-04-16T11:37:30.721Z - [REQUEST]: Responding to the client. File watch changed
[NX Daemon Server] - 2024-04-16T11:37:30.722Z - Done responding to the client File watch changed
[NX Daemon Server] - 2024-04-16T11:37:30.723Z - Handled FILE-WATCH-CHANGED. Handling time: 0. Response time: 2.
[NX Daemon Server] - 2024-04-16T11:37:30.723Z - [WATCHER]: Processing file changes in outputs
[NX Daemon Server] - 2024-04-16T11:37:30.724Z - Time taken for 'changed-projects' 0.44875899981707335ms
[NX Daemon Server] - 2024-04-16T11:37:30.921Z - [REQUEST]: Updated workspace context based on watched changes, recomputing project graph...
[NX Daemon Server] - 2024-04-16T11:37:30.922Z - [REQUEST]: src/app/shared/components/back-to-top/back-to-top.component.html
[NX Daemon Server] - 2024-04-16T11:37:30.922Z - [REQUEST]: 
[NX Daemon Server] - 2024-04-16T11:37:31.024Z - Time taken for 'hash changed files from watcher' 1.249723999761045ms
[NX Daemon Server] - 2024-04-16T11:37:31.855Z - [WATCHER]: src/app/shared/components/back-to-top/back-to-top.component.html was modified
[NX Daemon Server] - 2024-04-16T11:37:31.857Z - [REQUEST]: Responding to the client. File watch changed
[NX Daemon Server] - 2024-04-16T11:37:31.857Z - Done responding to the client File watch changed
[NX Daemon Server] - 2024-04-16T11:37:31.858Z - Handled FILE-WATCH-CHANGED. Handling time: 1. Response time: 1.
[NX Daemon Server] - 2024-04-16T11:37:31.858Z - [WATCHER]: Processing file changes in outputs
[NX Daemon Server] - 2024-04-16T11:37:31.858Z - Time taken for 'changed-projects' 0.08386099990457296ms
[NX Daemon Server] - 2024-04-16T11:37:32.257Z - [REQUEST]: Updated workspace context based on watched changes, recomputing project graph...
[NX Daemon Server] - 2024-04-16T11:37:32.257Z - [REQUEST]: src/app/shared/components/back-to-top/back-to-top.component.html
[NX Daemon Server] - 2024-04-16T11:37:32.258Z - [REQUEST]: 
[NX Daemon Server] - 2024-04-16T11:37:32.355Z - Time taken for 'hash changed files from watcher' 0.4532329998910427ms
[NX Daemon Server] - 2024-04-16T11:38:32.577Z - [WATCHER]: src/app/shared/components/back-to-top/back-to-top.component.ts was modified
[NX Daemon Server] - 2024-04-16T11:38:32.578Z - [REQUEST]: Responding to the client. File watch changed
[NX Daemon Server] - 2024-04-16T11:38:32.579Z - Done responding to the client File watch changed
[NX Daemon Server] - 2024-04-16T11:38:32.579Z - Handled FILE-WATCH-CHANGED. Handling time: 0. Response time: 1.
[NX Daemon Server] - 2024-04-16T11:38:32.580Z - [WATCHER]: Processing file changes in outputs
[NX Daemon Server] - 2024-04-16T11:38:32.580Z - Time taken for 'changed-projects' 0.06660600006580353ms
[NX Daemon Server] - 2024-04-16T11:38:33.380Z - [REQUEST]: Updated workspace context based on watched changes, recomputing project graph...
[NX Daemon Server] - 2024-04-16T11:38:33.380Z - [REQUEST]: src/app/shared/components/back-to-top/back-to-top.component.ts
[NX Daemon Server] - 2024-04-16T11:38:33.380Z - [REQUEST]: 
[NX Daemon Server] - 2024-04-16T11:38:33.418Z - Time taken for 'hash changed files from watcher' 0.4252740000374615ms
[NX Daemon Server] - 2024-04-16T11:38:47.133Z - [WATCHER]: src/app/shared/components/back-to-top/back-to-top.component.ts was modified
[NX Daemon Server] - 2024-04-16T11:38:47.134Z - [REQUEST]: Responding to the client. File watch changed
[NX Daemon Server] - 2024-04-16T11:38:47.135Z - Done responding to the client File watch changed
[NX Daemon Server] - 2024-04-16T11:38:47.135Z - Handled FILE-WATCH-CHANGED. Handling time: 0. Response time: 1.
[NX Daemon Server] - 2024-04-16T11:38:47.136Z - [WATCHER]: Processing file changes in outputs
[NX Daemon Server] - 2024-04-16T11:38:47.136Z - Time taken for 'changed-projects' 0.0519510000012815ms
[NX Daemon Server] - 2024-04-16T11:38:48.738Z - [REQUEST]: Updated workspace context based on watched changes, recomputing project graph...
[NX Daemon Server] - 2024-04-16T11:38:48.739Z - [REQUEST]: src/app/shared/components/back-to-top/back-to-top.component.ts
[NX Daemon Server] - 2024-04-16T11:38:48.741Z - [REQUEST]: 
[NX Daemon Server] - 2024-04-16T11:38:48.886Z - Time taken for 'hash changed files from watcher' 0.7154259998351336ms
[NX Daemon Server] - 2024-04-16T11:39:08.181Z - [WATCHER]: Processing file changes in outputs
[NX Daemon Server] - 2024-04-16T11:39:08.185Z - [WATCHER]: src/app/shared/components/back-to-top/back-to-top.component.ts was modified
[NX Daemon Server] - 2024-04-16T11:39:08.186Z - [REQUEST]: Responding to the client. File watch changed
[NX Daemon Server] - 2024-04-16T11:39:08.187Z - Done responding to the client File watch changed
[NX Daemon Server] - 2024-04-16T11:39:08.187Z - Handled FILE-WATCH-CHANGED. Handling time: 0. Response time: 1.
[NX Daemon Server] - 2024-04-16T11:39:08.187Z - Time taken for 'changed-projects' 0.16138899978250265ms
[NX Daemon Server] - 2024-04-16T11:39:11.390Z - [REQUEST]: Updated workspace context based on watched changes, recomputing project graph...
[NX Daemon Server] - 2024-04-16T11:39:11.391Z - [REQUEST]: src/app/shared/components/back-to-top/back-to-top.component.ts
[NX Daemon Server] - 2024-04-16T11:39:11.391Z - [REQUEST]: 
[NX Daemon Server] - 2024-04-16T11:39:11.443Z - Time taken for 'hash changed files from watcher' 0.5320510002784431ms
[NX Daemon Server] - 2024-04-16T11:40:14.855Z - [WATCHER]: src/app/shared/components/back-to-top/back-to-top.component.ts was modified
[NX Daemon Server] - 2024-04-16T11:40:14.856Z - [REQUEST]: Responding to the client. File watch changed
[NX Daemon Server] - 2024-04-16T11:40:14.858Z - Done responding to the client File watch changed
[NX Daemon Server] - 2024-04-16T11:40:14.858Z - Handled FILE-WATCH-CHANGED. Handling time: 0. Response time: 2.
[NX Daemon Server] - 2024-04-16T11:40:14.859Z - [WATCHER]: Processing file changes in outputs
[NX Daemon Server] - 2024-04-16T11:40:14.860Z - Time taken for 'changed-projects' 0.0842059999704361ms
[NX Daemon Server] - 2024-04-16T11:40:21.263Z - [REQUEST]: Updated workspace context based on watched changes, recomputing project graph...
[NX Daemon Server] - 2024-04-16T11:40:21.263Z - [REQUEST]: src/app/shared/components/back-to-top/back-to-top.component.ts
[NX Daemon Server] - 2024-04-16T11:40:21.264Z - [REQUEST]: 
[NX Daemon Server] - 2024-04-16T11:40:21.357Z - Time taken for 'hash changed files from watcher' 0.8514640000648797ms
[NX Daemon Server] - 2024-04-16T11:40:23.969Z - [WATCHER]: src/app/shared/components/back-to-top/back-to-top.component.ts was modified
[NX Daemon Server] - 2024-04-16T11:40:23.970Z - [REQUEST]: Responding to the client. File watch changed
[NX Daemon Server] - 2024-04-16T11:40:23.983Z - Done responding to the client File watch changed
[NX Daemon Server] - 2024-04-16T11:40:23.984Z - Handled FILE-WATCH-CHANGED. Handling time: 0. Response time: 14.
[NX Daemon Server] - 2024-04-16T11:40:23.984Z - [WATCHER]: Processing file changes in outputs
[NX Daemon Server] - 2024-04-16T11:40:23.986Z - Time taken for 'changed-projects' 0.08033199980854988ms
[NX Daemon Server] - 2024-04-16T11:40:29.716Z - [WATCHER]: Processing file changes in outputs
[NX Daemon Server] - 2024-04-16T11:40:29.719Z - [WATCHER]: src/app/shared/components/back-to-top/back-to-top.component.ts was modified
[NX Daemon Server] - 2024-04-16T11:40:29.720Z - [REQUEST]: Responding to the client. File watch changed
[NX Daemon Server] - 2024-04-16T11:40:29.721Z - Done responding to the client File watch changed
[NX Daemon Server] - 2024-04-16T11:40:29.722Z - Handled FILE-WATCH-CHANGED. Handling time: 0. Response time: 2.
[NX Daemon Server] - 2024-04-16T11:40:29.722Z - Time taken for 'changed-projects' 0.11673699971288443ms
[NX Daemon Server] - 2024-04-16T11:40:30.372Z - [REQUEST]: Updated workspace context based on watched changes, recomputing project graph...
[NX Daemon Server] - 2024-04-16T11:40:30.373Z - [REQUEST]: src/app/shared/components/back-to-top/back-to-top.component.ts
[NX Daemon Server] - 2024-04-16T11:40:30.373Z - [REQUEST]: 
[NX Daemon Server] - 2024-04-16T11:40:30.521Z - Time taken for 'hash changed files from watcher' 0.8028469998389482ms
[NX Daemon Server] - 2024-04-16T11:40:35.502Z - [WATCHER]: src/app/shared/components/back-to-top/back-to-top.component.ts was modified
[NX Daemon Server] - 2024-04-16T11:40:35.504Z - [REQUEST]: Responding to the client. File watch changed
[NX Daemon Server] - 2024-04-16T11:40:35.506Z - Done responding to the client File watch changed
[NX Daemon Server] - 2024-04-16T11:40:35.507Z - Handled FILE-WATCH-CHANGED. Handling time: 0. Response time: 3.
[NX Daemon Server] - 2024-04-16T11:40:35.508Z - [WATCHER]: Processing file changes in outputs
[NX Daemon Server] - 2024-04-16T11:40:35.509Z - Time taken for 'changed-projects' 0.2230070000514388ms
[NX Daemon Server] - 2024-04-16T11:40:40.336Z - [WATCHER]: Processing file changes in outputs
[NX Daemon Server] - 2024-04-16T11:40:40.338Z - [WATCHER]: src/app/shared/components/back-to-top/back-to-top.component.ts was modified
[NX Daemon Server] - 2024-04-16T11:40:40.339Z - [REQUEST]: Responding to the client. File watch changed
[NX Daemon Server] - 2024-04-16T11:40:40.340Z - Done responding to the client File watch changed
[NX Daemon Server] - 2024-04-16T11:40:40.341Z - Handled FILE-WATCH-CHANGED. Handling time: 0. Response time: 2.
[NX Daemon Server] - 2024-04-16T11:40:40.341Z - Time taken for 'changed-projects' 0.11771999998018146ms
[NX Daemon Server] - 2024-04-16T11:40:41.906Z - [REQUEST]: Updated workspace context based on watched changes, recomputing project graph...
[NX Daemon Server] - 2024-04-16T11:40:41.907Z - [REQUEST]: src/app/shared/components/back-to-top/back-to-top.component.ts
[NX Daemon Server] - 2024-04-16T11:40:41.907Z - [REQUEST]: 
[NX Daemon Server] - 2024-04-16T11:40:41.991Z - Time taken for 'hash changed files from watcher' 0.6303020003251731ms
[NX Daemon Server] - 2024-04-16T11:40:43.907Z - [WATCHER]: src/app/shared/components/back-to-top/back-to-top.component.ts was modified
[NX Daemon Server] - 2024-04-16T11:40:43.909Z - [REQUEST]: Responding to the client. File watch changed
[NX Daemon Server] - 2024-04-16T11:40:43.909Z - Done responding to the client File watch changed
[NX Daemon Server] - 2024-04-16T11:40:43.910Z - Handled FILE-WATCH-CHANGED. Handling time: 0. Response time: 1.
[NX Daemon Server] - 2024-04-16T11:40:43.910Z - [WATCHER]: Processing file changes in outputs
[NX Daemon Server] - 2024-04-16T11:40:43.910Z - Time taken for 'changed-projects' 0.07423099968582392ms
[NX Daemon Server] - 2024-04-16T11:40:50.317Z - [REQUEST]: Updated workspace context based on watched changes, recomputing project graph...
[NX Daemon Server] - 2024-04-16T11:40:50.318Z - [REQUEST]: src/app/shared/components/back-to-top/back-to-top.component.ts
[NX Daemon Server] - 2024-04-16T11:40:50.318Z - [REQUEST]: 
[NX Daemon Server] - 2024-04-16T11:40:50.381Z - Time taken for 'hash changed files from watcher' 0.9900639997795224ms
[NX Daemon Server] - 2024-04-16T11:41:14.470Z - [WATCHER]: Processing file changes in outputs
[NX Daemon Server] - 2024-04-16T11:41:14.472Z - [WATCHER]: src/app/shared/components/back-to-top/back-to-top.component.ts was modified
[NX Daemon Server] - 2024-04-16T11:41:14.472Z - [REQUEST]: Responding to the client. File watch changed
[NX Daemon Server] - 2024-04-16T11:41:14.473Z - Done responding to the client File watch changed
[NX Daemon Server] - 2024-04-16T11:41:14.473Z - Handled FILE-WATCH-CHANGED. Handling time: 0. Response time: 1.
[NX Daemon Server] - 2024-04-16T11:41:14.473Z - Time taken for 'changed-projects' 0.02581300027668476ms
[NX Daemon Server] - 2024-04-16T11:41:20.880Z - [REQUEST]: Updated workspace context based on watched changes, recomputing project graph...
[NX Daemon Server] - 2024-04-16T11:41:20.881Z - [REQUEST]: src/app/shared/components/back-to-top/back-to-top.component.ts
[NX Daemon Server] - 2024-04-16T11:41:20.881Z - [REQUEST]: 
[NX Daemon Server] - 2024-04-16T11:41:20.946Z - Time taken for 'hash changed files from watcher' 0.851496999617666ms
[NX Daemon Server] - 2024-04-16T11:42:14.183Z - [WATCHER]: src/app/shared/components/back-to-top/back-to-top.component.ts was modified
[NX Daemon Server] - 2024-04-16T11:42:14.184Z - [REQUEST]: Responding to the client. File watch changed
[NX Daemon Server] - 2024-04-16T11:42:14.186Z - Done responding to the client File watch changed
[NX Daemon Server] - 2024-04-16T11:42:14.188Z - Handled FILE-WATCH-CHANGED. Handling time: 0. Response time: 4.
[NX Daemon Server] - 2024-04-16T11:42:14.192Z - [WATCHER]: Processing file changes in outputs
[NX Daemon Server] - 2024-04-16T11:42:14.196Z - Time taken for 'changed-projects' 0.10581099987030029ms
[NX Daemon Server] - 2024-04-16T11:42:20.591Z - [REQUEST]: Updated workspace context based on watched changes, recomputing project graph...
[NX Daemon Server] - 2024-04-16T11:42:20.591Z - [REQUEST]: src/app/shared/components/back-to-top/back-to-top.component.ts
[NX Daemon Server] - 2024-04-16T11:42:20.592Z - [REQUEST]: 
[NX Daemon Server] - 2024-04-16T11:42:20.649Z - Time taken for 'hash changed files from watcher' 0.9044329999014735ms
[NX Daemon Server] - 2024-04-16T11:42:29.288Z - [WATCHER]: src/app/shared/components/back-to-top/back-to-top.component.ts was modified
[NX Daemon Server] - 2024-04-16T11:42:29.289Z - [REQUEST]: Responding to the client. File watch changed
[NX Daemon Server] - 2024-04-16T11:42:29.289Z - Done responding to the client File watch changed
[NX Daemon Server] - 2024-04-16T11:42:29.290Z - Handled FILE-WATCH-CHANGED. Handling time: 0. Response time: 1.
[NX Daemon Server] - 2024-04-16T11:42:29.290Z - [WATCHER]: Processing file changes in outputs
[NX Daemon Server] - 2024-04-16T11:42:29.290Z - Time taken for 'changed-projects' 0.07305000023916364ms
[NX Daemon Server] - 2024-04-16T11:42:35.696Z - [REQUEST]: Updated workspace context based on watched changes, recomputing project graph...
[NX Daemon Server] - 2024-04-16T11:42:35.697Z - [REQUEST]: src/app/shared/components/back-to-top/back-to-top.component.ts
[NX Daemon Server] - 2024-04-16T11:42:35.698Z - [REQUEST]: 
[NX Daemon Server] - 2024-04-16T11:42:35.764Z - Time taken for 'hash changed files from watcher' 1.0579619999043643ms
[NX Daemon Server] - 2024-04-16T11:42:41.026Z - [WATCHER]: Processing file changes in outputs
[NX Daemon Server] - 2024-04-16T11:42:41.034Z - [WATCHER]: src/app/shared/components/back-to-top/back-to-top.component.ts was modified
[NX Daemon Server] - 2024-04-16T11:42:41.035Z - [REQUEST]: Responding to the client. File watch changed
[NX Daemon Server] - 2024-04-16T11:42:41.036Z - Done responding to the client File watch changed
[NX Daemon Server] - 2024-04-16T11:42:41.036Z - Handled FILE-WATCH-CHANGED. Handling time: 0. Response time: 1.
[NX Daemon Server] - 2024-04-16T11:42:41.036Z - Time taken for 'changed-projects' 0.08360999962314963ms
[NX Daemon Server] - 2024-04-16T11:42:47.441Z - [REQUEST]: Updated workspace context based on watched changes, recomputing project graph...
[NX Daemon Server] - 2024-04-16T11:42:47.441Z - [REQUEST]: src/app/shared/components/back-to-top/back-to-top.component.ts
[NX Daemon Server] - 2024-04-16T11:42:47.441Z - [REQUEST]: 
[NX Daemon Server] - 2024-04-16T11:42:47.500Z - Time taken for 'hash changed files from watcher' 0.30616499995812774ms
[NX Daemon Server] - 2024-04-16T11:43:01.185Z - [WATCHER]: src/app/shared/components/back-to-top/back-to-top.component.ts was modified
[NX Daemon Server] - 2024-04-16T11:43:01.186Z - [REQUEST]: Responding to the client. File watch changed
[NX Daemon Server] - 2024-04-16T11:43:01.187Z - Done responding to the client File watch changed
[NX Daemon Server] - 2024-04-16T11:43:01.187Z - Handled FILE-WATCH-CHANGED. Handling time: 0. Response time: 1.
[NX Daemon Server] - 2024-04-16T11:43:01.187Z - [WATCHER]: Processing file changes in outputs
[NX Daemon Server] - 2024-04-16T11:43:01.188Z - Time taken for 'changed-projects' 0.07308899983763695ms
[NX Daemon Server] - 2024-04-16T11:43:07.594Z - [REQUEST]: Updated workspace context based on watched changes, recomputing project graph...
[NX Daemon Server] - 2024-04-16T11:43:07.594Z - [REQUEST]: src/app/shared/components/back-to-top/back-to-top.component.ts
[NX Daemon Server] - 2024-04-16T11:43:07.595Z - [REQUEST]: 
[NX Daemon Server] - 2024-04-16T11:43:07.680Z - Time taken for 'hash changed files from watcher' 0.5968720000237226ms
[NX Daemon Server] - 2024-04-16T11:43:34.171Z - [WATCHER]: Processing file changes in outputs
[NX Daemon Server] - 2024-04-16T11:43:34.174Z - [WATCHER]: src/app/shared/components/back-to-top/back-to-top.component.ts was modified
[NX Daemon Server] - 2024-04-16T11:43:34.175Z - [REQUEST]: Responding to the client. File watch changed
[NX Daemon Server] - 2024-04-16T11:43:34.178Z - Done responding to the client File watch changed
[NX Daemon Server] - 2024-04-16T11:43:34.179Z - Handled FILE-WATCH-CHANGED. Handling time: 0. Response time: 4.
[NX Daemon Server] - 2024-04-16T11:43:34.180Z - Time taken for 'changed-projects' 0.18484799982979894ms
[NX Daemon Server] - 2024-04-16T11:43:40.582Z - [REQUEST]: Updated workspace context based on watched changes, recomputing project graph...
[NX Daemon Server] - 2024-04-16T11:43:40.583Z - [REQUEST]: src/app/shared/components/back-to-top/back-to-top.component.ts
[NX Daemon Server] - 2024-04-16T11:43:40.583Z - [REQUEST]: 
[NX Daemon Server] - 2024-04-16T11:43:40.643Z - Time taken for 'hash changed files from watcher' 0.7950900001451373ms
[NX Daemon Server] - 2024-04-16T11:43:45.400Z - [WATCHER]: src/app/shared/components/back-to-top/back-to-top.component.ts was modified
[NX Daemon Server] - 2024-04-16T11:43:45.402Z - [REQUEST]: Responding to the client. File watch changed
[NX Daemon Server] - 2024-04-16T11:43:45.403Z - Done responding to the client File watch changed
[NX Daemon Server] - 2024-04-16T11:43:45.403Z - Handled FILE-WATCH-CHANGED. Handling time: 0. Response time: 1.
[NX Daemon Server] - 2024-04-16T11:43:45.404Z - [WATCHER]: Processing file changes in outputs
[NX Daemon Server] - 2024-04-16T11:43:45.405Z - Time taken for 'changed-projects' 0.07226500008255243ms
[NX Daemon Server] - 2024-04-16T11:43:51.803Z - [REQUEST]: Updated workspace context based on watched changes, recomputing project graph...
[NX Daemon Server] - 2024-04-16T11:43:51.803Z - [REQUEST]: src/app/shared/components/back-to-top/back-to-top.component.ts
[NX Daemon Server] - 2024-04-16T11:43:51.803Z - [REQUEST]: 
[NX Daemon Server] - 2024-04-16T11:43:51.902Z - [WATCHER]: src/app/shared/components/back-to-top/back-to-top.component.ts was modified
[NX Daemon Server] - 2024-04-16T11:43:51.903Z - [REQUEST]: Responding to the client. File watch changed
[NX Daemon Server] - 2024-04-16T11:43:51.903Z - Done responding to the client File watch changed
[NX Daemon Server] - 2024-04-16T11:43:51.903Z - Handled FILE-WATCH-CHANGED. Handling time: 0. Response time: 0.
[NX Daemon Server] - 2024-04-16T11:43:51.904Z - [WATCHER]: Processing file changes in outputs
[NX Daemon Server] - 2024-04-16T11:43:51.906Z - Time taken for 'hash changed files from watcher' 0.5163050000555813ms
[NX Daemon Server] - 2024-04-16T11:43:58.348Z - [REQUEST]: Updated workspace context based on watched changes, recomputing project graph...
[NX Daemon Server] - 2024-04-16T11:43:58.349Z - [REQUEST]: src/app/shared/components/back-to-top/back-to-top.component.ts
[NX Daemon Server] - 2024-04-16T11:43:58.349Z - [REQUEST]: 
[NX Daemon Server] - 2024-04-16T11:43:58.396Z - Time taken for 'hash changed files from watcher' 39.139266999904066ms
[NX Daemon Server] - 2024-04-16T11:44:05.918Z - [WATCHER]: src/app/shared/components/back-to-top/back-to-top.component.ts was modified
[NX Daemon Server] - 2024-04-16T11:44:05.920Z - [REQUEST]: Responding to the client. File watch changed
[NX Daemon Server] - 2024-04-16T11:44:05.920Z - Done responding to the client File watch changed
[NX Daemon Server] - 2024-04-16T11:44:05.921Z - Handled FILE-WATCH-CHANGED. Handling time: 0. Response time: 1.
[NX Daemon Server] - 2024-04-16T11:44:05.922Z - [WATCHER]: Processing file changes in outputs
[NX Daemon Server] - 2024-04-16T11:44:05.922Z - Time taken for 'changed-projects' 0.4571699998341501ms
[NX Daemon Server] - 2024-04-16T11:44:09.670Z - [WATCHER]: src/app/shared/components/back-to-top/back-to-top.component.ts was modified
[NX Daemon Server] - 2024-04-16T11:44:09.673Z - [REQUEST]: Responding to the client. File watch changed
[NX Daemon Server] - 2024-04-16T11:44:09.673Z - Done responding to the client File watch changed
[NX Daemon Server] - 2024-04-16T11:44:09.674Z - Handled FILE-WATCH-CHANGED. Handling time: 1. Response time: 1.
[NX Daemon Server] - 2024-04-16T11:44:09.675Z - [WATCHER]: Processing file changes in outputs
[NX Daemon Server] - 2024-04-16T11:44:09.677Z - Time taken for 'changed-projects' 0.09351099980995059ms
[NX Daemon Server] - 2024-04-16T11:44:12.323Z - [REQUEST]: Updated workspace context based on watched changes, recomputing project graph...
[NX Daemon Server] - 2024-04-16T11:44:12.324Z - [REQUEST]: src/app/shared/components/back-to-top/back-to-top.component.ts
[NX Daemon Server] - 2024-04-16T11:44:12.324Z - [REQUEST]: 
[NX Daemon Server] - 2024-04-16T11:44:12.453Z - Time taken for 'hash changed files from watcher' 0.8420910001732409ms
[NX Daemon Server] - 2024-04-16T11:44:16.961Z - [WATCHER]: src/app/shared/components/back-to-top/back-to-top.component.ts was modified
[NX Daemon Server] - 2024-04-16T11:44:16.962Z - [REQUEST]: Responding to the client. File watch changed
[NX Daemon Server] - 2024-04-16T11:44:16.963Z - Done responding to the client File watch changed
[NX Daemon Server] - 2024-04-16T11:44:16.964Z - Handled FILE-WATCH-CHANGED. Handling time: 0. Response time: 2.
[NX Daemon Server] - 2024-04-16T11:44:16.964Z - [WATCHER]: Processing file changes in outputs
[NX Daemon Server] - 2024-04-16T11:44:16.965Z - Time taken for 'changed-projects' 0.09932600008323789ms
[NX Daemon Server] - 2024-04-16T11:44:23.370Z - [REQUEST]: Updated workspace context based on watched changes, recomputing project graph...
[NX Daemon Server] - 2024-04-16T11:44:23.371Z - [REQUEST]: src/app/shared/components/back-to-top/back-to-top.component.ts
[NX Daemon Server] - 2024-04-16T11:44:23.371Z - [REQUEST]: 
[NX Daemon Server] - 2024-04-16T11:44:23.420Z - Time taken for 'hash changed files from watcher' 0.6610759999603033ms
[NX Daemon Server] - 2024-04-16T11:44:34.263Z - [WATCHER]: src/app/shared/components/back-to-top/back-to-top.component.ts was modified
[NX Daemon Server] - 2024-04-16T11:44:34.264Z - [REQUEST]: Responding to the client. File watch changed
[NX Daemon Server] - 2024-04-16T11:44:34.265Z - Done responding to the client File watch changed
[NX Daemon Server] - 2024-04-16T11:44:34.265Z - Handled FILE-WATCH-CHANGED. Handling time: 0. Response time: 1.
[NX Daemon Server] - 2024-04-16T11:44:34.265Z - [WATCHER]: Processing file changes in outputs
[NX Daemon Server] - 2024-04-16T11:44:34.266Z - Time taken for 'changed-projects' 0.050528000108897686ms
[NX Daemon Server] - 2024-04-16T11:44:40.670Z - [REQUEST]: Updated workspace context based on watched changes, recomputing project graph...
[NX Daemon Server] - 2024-04-16T11:44:40.671Z - [REQUEST]: src/app/shared/components/back-to-top/back-to-top.component.ts
[NX Daemon Server] - 2024-04-16T11:44:40.671Z - [REQUEST]: 
[NX Daemon Server] - 2024-04-16T11:44:40.711Z - Time taken for 'hash changed files from watcher' 0.3238800000399351ms
[NX Daemon Server] - 2024-04-16T11:45:02.184Z - [WATCHER]: Processing file changes in outputs
[NX Daemon Server] - 2024-04-16T11:45:02.187Z - [WATCHER]: src/app/shared/components/back-to-top/back-to-top.component.ts was modified
[NX Daemon Server] - 2024-04-16T11:45:02.188Z - [REQUEST]: Responding to the client. File watch changed
[NX Daemon Server] - 2024-04-16T11:45:02.188Z - Done responding to the client File watch changed
[NX Daemon Server] - 2024-04-16T11:45:02.189Z - Handled FILE-WATCH-CHANGED. Handling time: 0. Response time: 1.
[NX Daemon Server] - 2024-04-16T11:45:02.191Z - Time taken for 'changed-projects' 0.07053100038319826ms
[NX Daemon Server] - 2024-04-16T11:45:08.594Z - [REQUEST]: Updated workspace context based on watched changes, recomputing project graph...
[NX Daemon Server] - 2024-04-16T11:45:08.595Z - [REQUEST]: src/app/shared/components/back-to-top/back-to-top.component.ts
[NX Daemon Server] - 2024-04-16T11:45:08.595Z - [REQUEST]: 
[NX Daemon Server] - 2024-04-16T11:45:08.646Z - Time taken for 'hash changed files from watcher' 0.4450519997626543ms
[NX Daemon Server] - 2024-04-16T11:45:12.101Z - [WATCHER]: Processing file changes in outputs
[NX Daemon Server] - 2024-04-16T11:45:12.104Z - [WATCHER]: src/app/shared/components/back-to-top/back-to-top.component.ts was modified
[NX Daemon Server] - 2024-04-16T11:45:12.106Z - [REQUEST]: Responding to the client. File watch changed
[NX Daemon Server] - 2024-04-16T11:45:12.107Z - Done responding to the client File watch changed
[NX Daemon Server] - 2024-04-16T11:45:12.107Z - Handled FILE-WATCH-CHANGED. Handling time: 0. Response time: 1.
[NX Daemon Server] - 2024-04-16T11:45:12.108Z - Time taken for 'changed-projects' 0.15277899987995625ms
[NX Daemon Server] - 2024-04-16T11:45:18.513Z - [REQUEST]: Updated workspace context based on watched changes, recomputing project graph...
[NX Daemon Server] - 2024-04-16T11:45:18.514Z - [REQUEST]: src/app/shared/components/back-to-top/back-to-top.component.ts
[NX Daemon Server] - 2024-04-16T11:45:18.514Z - [REQUEST]: 
[NX Daemon Server] - 2024-04-16T11:45:18.603Z - Time taken for 'hash changed files from watcher' 0.8187570003792644ms
[NX Daemon Server] - 2024-04-16T11:45:23.347Z - [WATCHER]: src/app/shared/components/back-to-top/back-to-top.component.ts was modified
[NX Daemon Server] - 2024-04-16T11:45:23.349Z - [REQUEST]: Responding to the client. File watch changed
[NX Daemon Server] - 2024-04-16T11:45:23.351Z - Done responding to the client File watch changed
[NX Daemon Server] - 2024-04-16T11:45:23.353Z - Handled FILE-WATCH-CHANGED. Handling time: 1. Response time: 4.
[NX Daemon Server] - 2024-04-16T11:45:23.354Z - [WATCHER]: Processing file changes in outputs
[NX Daemon Server] - 2024-04-16T11:45:23.355Z - Time taken for 'changed-projects' 0.268350999802351ms
[NX Daemon Server] - 2024-04-16T11:45:29.757Z - [REQUEST]: Updated workspace context based on watched changes, recomputing project graph...
[NX Daemon Server] - 2024-04-16T11:45:29.757Z - [REQUEST]: src/app/shared/components/back-to-top/back-to-top.component.ts
[NX Daemon Server] - 2024-04-16T11:45:29.757Z - [REQUEST]: 
[NX Daemon Server] - 2024-04-16T11:45:29.807Z - Time taken for 'hash changed files from watcher' 0.6524780001491308ms
[NX Daemon Server] - 2024-04-16T11:45:53.762Z - [WATCHER]: src/app/shared/components/back-to-top/back-to-top.component.html was modified
[NX Daemon Server] - 2024-04-16T11:45:53.763Z - [REQUEST]: Responding to the client. File watch changed
[NX Daemon Server] - 2024-04-16T11:45:53.764Z - Done responding to the client File watch changed
[NX Daemon Server] - 2024-04-16T11:45:53.764Z - Handled FILE-WATCH-CHANGED. Handling time: 0. Response time: 1.
[NX Daemon Server] - 2024-04-16T11:45:53.764Z - [WATCHER]: Processing file changes in outputs
[NX Daemon Server] - 2024-04-16T11:45:53.764Z - Time taken for 'changed-projects' 0.060933999717235565ms
[NX Daemon Server] - 2024-04-16T11:46:00.171Z - [REQUEST]: Updated workspace context based on watched changes, recomputing project graph...
[NX Daemon Server] - 2024-04-16T11:46:00.171Z - [REQUEST]: src/app/shared/components/back-to-top/back-to-top.component.html
[NX Daemon Server] - 2024-04-16T11:46:00.171Z - [REQUEST]: 
[NX Daemon Server] - 2024-04-16T11:46:00.214Z - Time taken for 'hash changed files from watcher' 0.31655600015074015ms
[NX Daemon Server] - 2024-04-16T11:46:52.674Z - [WATCHER]: src/app/shared/components/back-to-top/back-to-top.component.html was modified
[NX Daemon Server] - 2024-04-16T11:46:52.676Z - [REQUEST]: Responding to the client. File watch changed
[NX Daemon Server] - 2024-04-16T11:46:52.676Z - Done responding to the client File watch changed
[NX Daemon Server] - 2024-04-16T11:46:52.677Z - Handled FILE-WATCH-CHANGED. Handling time: 0. Response time: 1.
[NX Daemon Server] - 2024-04-16T11:46:52.677Z - [WATCHER]: Processing file changes in outputs
[NX Daemon Server] - 2024-04-16T11:46:52.677Z - Time taken for 'changed-projects' 0.05163799971342087ms
[NX Daemon Server] - 2024-04-16T11:46:59.084Z - [REQUEST]: Updated workspace context based on watched changes, recomputing project graph...
[NX Daemon Server] - 2024-04-16T11:46:59.084Z - [REQUEST]: src/app/shared/components/back-to-top/back-to-top.component.html
[NX Daemon Server] - 2024-04-16T11:46:59.085Z - [REQUEST]: 
[NX Daemon Server] - 2024-04-16T11:46:59.137Z - Time taken for 'hash changed files from watcher' 0.5824359999969602ms
[NX Daemon Server] - 2024-04-16T11:47:24.794Z - [WATCHER]: src/app/shared/components/back-to-top/back-to-top.component.html was modified
[NX Daemon Server] - 2024-04-16T11:47:24.796Z - [REQUEST]: Responding to the client. File watch changed
[NX Daemon Server] - 2024-04-16T11:47:24.796Z - Done responding to the client File watch changed
[NX Daemon Server] - 2024-04-16T11:47:24.796Z - Handled FILE-WATCH-CHANGED. Handling time: 0. Response time: 0.
[NX Daemon Server] - 2024-04-16T11:47:24.797Z - [WATCHER]: Processing file changes in outputs
[NX Daemon Server] - 2024-04-16T11:47:24.797Z - Time taken for 'changed-projects' 0.05645700031891465ms
[NX Daemon Server] - 2024-04-16T11:47:31.202Z - [REQUEST]: Updated workspace context based on watched changes, recomputing project graph...
[NX Daemon Server] - 2024-04-16T11:47:31.202Z - [REQUEST]: src/app/shared/components/back-to-top/back-to-top.component.html
[NX Daemon Server] - 2024-04-16T11:47:31.203Z - [REQUEST]: 
[NX Daemon Server] - 2024-04-16T11:47:31.270Z - Time taken for 'hash changed files from watcher' 0.33814299991354346ms
[NX Daemon Server] - 2024-04-16T11:47:35.098Z - [WATCHER]: src/app/shared/components/back-to-top/back-to-top.component.ts was modified
[NX Daemon Server] - 2024-04-16T11:47:35.100Z - [REQUEST]: Responding to the client. File watch changed
[NX Daemon Server] - 2024-04-16T11:47:35.101Z - Done responding to the client File watch changed
[NX Daemon Server] - 2024-04-16T11:47:35.101Z - Handled FILE-WATCH-CHANGED. Handling time: 0. Response time: 1.
[NX Daemon Server] - 2024-04-16T11:47:35.102Z - [WATCHER]: Processing file changes in outputs
[NX Daemon Server] - 2024-04-16T11:47:35.102Z - Time taken for 'changed-projects' 0.08251299988478422ms
[NX Daemon Server] - 2024-04-16T11:47:41.507Z - [REQUEST]: Updated workspace context based on watched changes, recomputing project graph...
[NX Daemon Server] - 2024-04-16T11:47:41.508Z - [REQUEST]: src/app/shared/components/back-to-top/back-to-top.component.ts
[NX Daemon Server] - 2024-04-16T11:47:41.508Z - [REQUEST]: 
[NX Daemon Server] - 2024-04-16T11:47:41.558Z - Time taken for 'hash changed files from watcher' 0.5467549995519221ms
[NX Daemon Server] - 2024-04-16T11:47:48.208Z - [WATCHER]: src/app/shared/components/back-to-top/back-to-top.component.ts was modified
[NX Daemon Server] - 2024-04-16T11:47:48.209Z - [REQUEST]: Responding to the client. File watch changed
[NX Daemon Server] - 2024-04-16T11:47:48.210Z - Done responding to the client File watch changed
[NX Daemon Server] - 2024-04-16T11:47:48.211Z - Handled FILE-WATCH-CHANGED. Handling time: 0. Response time: 2.
[NX Daemon Server] - 2024-04-16T11:47:48.212Z - Time taken for 'changed-projects' 0.07727700006216764ms
[NX Daemon Server] - 2024-04-16T11:47:48.220Z - [WATCHER]: Processing file changes in outputs
[NX Daemon Server] - 2024-04-16T11:47:54.617Z - [REQUEST]: Updated workspace context based on watched changes, recomputing project graph...
[NX Daemon Server] - 2024-04-16T11:47:54.617Z - [REQUEST]: src/app/shared/components/back-to-top/back-to-top.component.ts
[NX Daemon Server] - 2024-04-16T11:47:54.618Z - [REQUEST]: 
[NX Daemon Server] - 2024-04-16T11:47:54.702Z - Time taken for 'hash changed files from watcher' 0.5737990001216531ms
[NX Daemon Server] - 2024-04-16T11:48:02.725Z - [WATCHER]: Processing file changes in outputs
[NX Daemon Server] - 2024-04-16T11:48:02.730Z - [WATCHER]: src/app/shared/components/back-to-top/back-to-top.component.ts was modified
[NX Daemon Server] - 2024-04-16T11:48:02.731Z - [REQUEST]: Responding to the client. File watch changed
[NX Daemon Server] - 2024-04-16T11:48:02.732Z - Done responding to the client File watch changed
[NX Daemon Server] - 2024-04-16T11:48:02.736Z - Handled FILE-WATCH-CHANGED. Handling time: 0. Response time: 4.
[NX Daemon Server] - 2024-04-16T11:48:02.737Z - Time taken for 'changed-projects' 0.1796610001474619ms
[NX Daemon Server] - 2024-04-16T11:48:05.525Z - [WATCHER]: src/app/shared/components/back-to-top/back-to-top.component.ts was modified
[NX Daemon Server] - 2024-04-16T11:48:05.526Z - [REQUEST]: Responding to the client. File watch changed
[NX Daemon Server] - 2024-04-16T11:48:05.526Z - Done responding to the client File watch changed
[NX Daemon Server] - 2024-04-16T11:48:05.527Z - Handled FILE-WATCH-CHANGED. Handling time: 0. Response time: 1.
[NX Daemon Server] - 2024-04-16T11:48:05.527Z - [WATCHER]: Processing file changes in outputs
[NX Daemon Server] - 2024-04-16T11:48:05.527Z - Time taken for 'changed-projects' 0.07312399987131357ms
[NX Daemon Server] - 2024-04-16T11:48:09.136Z - [REQUEST]: Updated workspace context based on watched changes, recomputing project graph...
[NX Daemon Server] - 2024-04-16T11:48:09.137Z - [REQUEST]: src/app/shared/components/back-to-top/back-to-top.component.ts
[NX Daemon Server] - 2024-04-16T11:48:09.137Z - [REQUEST]: 
[NX Daemon Server] - 2024-04-16T11:48:09.258Z - Time taken for 'hash changed files from watcher' 1.0033300002105534ms
[NX Daemon Server] - 2024-04-16T11:48:12.868Z - [WATCHER]: Processing file changes in outputs
[NX Daemon Server] - 2024-04-16T11:48:12.869Z - [WATCHER]: src/app/shared/components/back-to-top/back-to-top.component.ts was modified
[NX Daemon Server] - 2024-04-16T11:48:12.869Z - [REQUEST]: Responding to the client. File watch changed
[NX Daemon Server] - 2024-04-16T11:48:12.869Z - Done responding to the client File watch changed
[NX Daemon Server] - 2024-04-16T11:48:12.870Z - Handled FILE-WATCH-CHANGED. Handling time: 0. Response time: 1.
[NX Daemon Server] - 2024-04-16T11:48:12.870Z - Time taken for 'changed-projects' 0.03270199988037348ms
[NX Daemon Server] - 2024-04-16T11:48:19.277Z - [REQUEST]: Updated workspace context based on watched changes, recomputing project graph...
[NX Daemon Server] - 2024-04-16T11:48:19.277Z - [REQUEST]: src/app/shared/components/back-to-top/back-to-top.component.ts
[NX Daemon Server] - 2024-04-16T11:48:19.277Z - [REQUEST]: 
[NX Daemon Server] - 2024-04-16T11:48:19.326Z - Time taken for 'hash changed files from watcher' 0.5604439997114241ms
[NX Daemon Server] - 2024-04-16T11:49:03.171Z - [WATCHER]: src/app/core/layouts/contact/contact.component.html was modified
[NX Daemon Server] - 2024-04-16T11:49:03.171Z - [REQUEST]: Responding to the client. File watch changed
[NX Daemon Server] - 2024-04-16T11:49:03.172Z - Done responding to the client File watch changed
[NX Daemon Server] - 2024-04-16T11:49:03.172Z - Handled FILE-WATCH-CHANGED. Handling time: 0. Response time: 1.
[NX Daemon Server] - 2024-04-16T11:49:03.172Z - [WATCHER]: Processing file changes in outputs
[NX Daemon Server] - 2024-04-16T11:49:03.173Z - Time taken for 'changed-projects' 0.1463939999230206ms
[NX Daemon Server] - 2024-04-16T11:49:05.141Z - [WATCHER]: Processing file changes in outputs
[NX Daemon Server] - 2024-04-16T11:49:09.610Z - [REQUEST]: Updated workspace context based on watched changes, recomputing project graph...
[NX Daemon Server] - 2024-04-16T11:49:09.611Z - [REQUEST]: src/app/core/layouts/contact/contact.component.html
[NX Daemon Server] - 2024-04-16T11:49:09.611Z - [REQUEST]: 
[NX Daemon Server] - 2024-04-16T11:49:09.671Z - Time taken for 'hash changed files from watcher' 38.34468900039792ms
[NX Daemon Server] - 2024-04-16T11:49:23.861Z - [WATCHER]: src/app/core/layouts/contact/contact.component.ts was modified
[NX Daemon Server] - 2024-04-16T11:49:23.862Z - [REQUEST]: Responding to the client. File watch changed
[NX Daemon Server] - 2024-04-16T11:49:23.862Z - Done responding to the client File watch changed
[NX Daemon Server] - 2024-04-16T11:49:23.862Z - Handled FILE-WATCH-CHANGED. Handling time: 0. Response time: 0.
[NX Daemon Server] - 2024-04-16T11:49:23.863Z - [WATCHER]: Processing file changes in outputs
[NX Daemon Server] - 2024-04-16T11:49:23.863Z - Time taken for 'changed-projects' 0.06245000008493662ms
[NX Daemon Server] - 2024-04-16T11:49:24.766Z - [WATCHER]: Processing file changes in outputs
[NX Daemon Server] - 2024-04-16T11:49:30.270Z - [REQUEST]: Updated workspace context based on watched changes, recomputing project graph...
[NX Daemon Server] - 2024-04-16T11:49:30.270Z - [REQUEST]: src/app/core/layouts/contact/contact.component.ts
[NX Daemon Server] - 2024-04-16T11:49:30.270Z - [REQUEST]: 
[NX Daemon Server] - 2024-04-16T11:49:30.391Z - Time taken for 'hash changed files from watcher' 0.761204999871552ms
[NX Daemon Server] - 2024-04-16T11:50:14.424Z - [WATCHER]: Processing file changes in outputs
[NX Daemon Server] - 2024-04-16T11:50:14.425Z - [WATCHER]: src/app/core/layouts/contact/contact.component.ts was modified
[NX Daemon Server] - 2024-04-16T11:50:14.426Z - [REQUEST]: Responding to the client. File watch changed
[NX Daemon Server] - 2024-04-16T11:50:14.427Z - Done responding to the client File watch changed
[NX Daemon Server] - 2024-04-16T11:50:14.427Z - Handled FILE-WATCH-CHANGED. Handling time: 0. Response time: 1.
[NX Daemon Server] - 2024-04-16T11:50:14.427Z - Time taken for 'changed-projects' 0.060031000059098005ms
[NX Daemon Server] - 2024-04-16T11:50:15.620Z - [WATCHER]: Processing file changes in outputs
[NX Daemon Server] - 2024-04-16T11:50:20.833Z - [REQUEST]: Updated workspace context based on watched changes, recomputing project graph...
[NX Daemon Server] - 2024-04-16T11:50:20.833Z - [REQUEST]: src/app/core/layouts/contact/contact.component.ts
[NX Daemon Server] - 2024-04-16T11:50:20.833Z - [REQUEST]: 
[NX Daemon Server] - 2024-04-16T11:50:20.877Z - Time taken for 'hash changed files from watcher' 0.5843199999071658ms
[NX Daemon Server] - 2024-04-16T11:50:31.539Z - [WATCHER]: Processing file changes in outputs
[NX Daemon Server] - 2024-04-16T11:50:31.541Z - [WATCHER]: src/app/shared/components/back-to-top/back-to-top.component.ts was modified
[NX Daemon Server] - 2024-04-16T11:50:31.542Z - [REQUEST]: Responding to the client. File watch changed
[NX Daemon Server] - 2024-04-16T11:50:31.542Z - Done responding to the client File watch changed
[NX Daemon Server] - 2024-04-16T11:50:31.543Z - Handled FILE-WATCH-CHANGED. Handling time: 0. Response time: 1.
[NX Daemon Server] - 2024-04-16T11:50:31.543Z - Time taken for 'changed-projects' 0.18838900001719594ms
[NX Daemon Server] - 2024-04-16T11:50:32.143Z - [WATCHER]: Processing file changes in outputs
[NX Daemon Server] - 2024-04-16T11:50:37.949Z - [REQUEST]: Updated workspace context based on watched changes, recomputing project graph...
[NX Daemon Server] - 2024-04-16T11:50:37.950Z - [REQUEST]: src/app/shared/components/back-to-top/back-to-top.component.ts
[NX Daemon Server] - 2024-04-16T11:50:37.950Z - [REQUEST]: 
[NX Daemon Server] - 2024-04-16T11:50:38.095Z - Time taken for 'hash changed files from watcher' 1.0013029999099672ms
[NX Daemon Server] - 2024-04-16T11:51:09.324Z - [WATCHER]: src/app/shared/components/back-to-top/back-to-top.component.ts was modified
[NX Daemon Server] - 2024-04-16T11:51:09.325Z - [REQUEST]: Responding to the client. File watch changed
[NX Daemon Server] - 2024-04-16T11:51:09.325Z - Done responding to the client File watch changed
[NX Daemon Server] - 2024-04-16T11:51:09.327Z - Handled FILE-WATCH-CHANGED. Handling time: 0. Response time: 2.
[NX Daemon Server] - 2024-04-16T11:51:09.328Z - [WATCHER]: Processing file changes in outputs
[NX Daemon Server] - 2024-04-16T11:51:09.329Z - Time taken for 'changed-projects' 0.0401809997856617ms
[NX Daemon Server] - 2024-04-16T11:51:10.194Z - [WATCHER]: Processing file changes in outputs
[NX Daemon Server] - 2024-04-16T11:51:15.731Z - [REQUEST]: Updated workspace context based on watched changes, recomputing project graph...
[NX Daemon Server] - 2024-04-16T11:51:15.731Z - [REQUEST]: src/app/shared/components/back-to-top/back-to-top.component.ts
[NX Daemon Server] - 2024-04-16T11:51:15.732Z - [REQUEST]: 
[NX Daemon Server] - 2024-04-16T11:51:15.800Z - Time taken for 'hash changed files from watcher' 0.8792190002277493ms
[NX Daemon Server] - 2024-04-16T11:52:05.605Z - [WATCHER]: Processing file changes in outputs
[NX Daemon Server] - 2024-04-16T11:52:05.607Z - [WATCHER]: src/app/core/layouts/contact/contact.component.ts was modified
[NX Daemon Server] - 2024-04-16T11:52:05.608Z - [REQUEST]: Responding to the client. File watch changed
[NX Daemon Server] - 2024-04-16T11:52:05.608Z - Done responding to the client File watch changed
[NX Daemon Server] - 2024-04-16T11:52:05.609Z - Handled FILE-WATCH-CHANGED. Handling time: 0. Response time: 1.
[NX Daemon Server] - 2024-04-16T11:52:05.609Z - Time taken for 'changed-projects' 0.09550600033253431ms
[NX Daemon Server] - 2024-04-16T11:52:06.067Z - [WATCHER]: Processing file changes in outputs
[NX Daemon Server] - 2024-04-16T11:52:12.012Z - [REQUEST]: Updated workspace context based on watched changes, recomputing project graph...
[NX Daemon Server] - 2024-04-16T11:52:12.013Z - [REQUEST]: src/app/core/layouts/contact/contact.component.ts
[NX Daemon Server] - 2024-04-16T11:52:12.013Z - [REQUEST]: 
[NX Daemon Server] - 2024-04-16T11:52:12.110Z - Time taken for 'hash changed files from watcher' 0.33603599946945906ms
